<?xml version="1.0" encoding="UTF-8"?>
<!-- Generated by org.testng.reporters.JUnitReportReporter -->
<testsuite name="com.mycompany.app.CalculatorTest" tests="4" time="0.015" ignored="0" failures="0" timestamp="08 дек 2016 11:10:40 GMT" skipped="0" hostname="rmnn-m4" errors="0">
  <testcase name="testDivZeroOperation" time="0.003" classname="com.mycompany.app.CalculatorTest"/>
  <testcase name="testDiv2Operation" time="0.004" classname="com.mycompany.app.CalculatorTest"/>
  <testcase name="testDiv1Operation" time="0.004" classname="com.mycompany.app.CalculatorTest"/>
  <testcase name="testSumOperation" time="0.004" classname="com.mycompany.app.CalculatorTest"/>
</testsuite> <!-- com.mycompany.app.CalculatorTest -->
