<?xml version="1.0" encoding="UTF-8"?>
<!-- Generated by org.testng.reporters.JUnitReportReporter -->
<testsuite name="com.mycompany.app.AppTest" tests="1" time="0.010" ignored="0" failures="0" timestamp="15 дек 2016 15:15:18 GMT" skipped="0" hostname="rmnn-m4" errors="0">
  <testcase name="testApp" time="0.010" classname="com.mycompany.app.AppTest"/>
</testsuite> <!-- com.mycompany.app.AppTest -->
